2022-07-20T06:34:36.727Z thumbsup:warn ffmpeg (https://www.ffmpeg.org) is not installed. You will not be able to process videos.
2022-07-20T06:34:36.728Z thumbsup:warn gifsicle (http://www.lcdf.org/gifsicle) is not installed. You will not be able to process animated GIFs.
2022-07-20T06:34:36.728Z thumbsup:warn dcraw (https://www.cybercom.net/~dcoffin/dcraw/) is not installed. You will not be able to process RAW photos.
2022-07-20T06:34:36.728Z thumbsup:warn zip (https://linux.die.net/man/1/zip) is not installed. You will not be able to create ZIP files.
2022-07-20T06:50:10.580Z thumbsup:warn ffmpeg (https://www.ffmpeg.org) is not installed. You will not be able to process videos.
2022-07-20T06:50:10.581Z thumbsup:warn gifsicle (http://www.lcdf.org/gifsicle) is not installed. You will not be able to process animated GIFs.
2022-07-20T06:50:10.581Z thumbsup:warn dcraw (https://www.cybercom.net/~dcoffin/dcraw/) is not installed. You will not be able to process RAW photos.
2022-07-20T06:50:10.581Z thumbsup:warn zip (https://linux.die.net/man/1/zip) is not installed. You will not be able to create ZIP files.
2022-07-20T06:50:11.313Z thumbsup:error Error: Invalid theme structure in /mnt/chromeos/MyFiles/Desktop/Website/gallery-thumbsup/theme
2022-07-20T06:50:11.313Z thumbsup:error     at Theme.validateStructure (/usr/local/lib/node_modules/thumbsup/src/website/theme.js:56:13)
2022-07-20T06:50:11.313Z thumbsup:error     at Theme.prepare (/usr/local/lib/node_modules/thumbsup/src/website/theme.js:24:10)
2022-07-20T06:50:11.313Z thumbsup:error     at /usr/local/lib/node_modules/thumbsup/src/website/website.js:36:19
2022-07-20T06:50:11.313Z thumbsup:error     at /usr/local/lib/node_modules/thumbsup/node_modules/async/dist/async.js:3674:28
2022-07-20T06:50:11.313Z thumbsup:error     at replenish (/usr/local/lib/node_modules/thumbsup/node_modules/async/dist/async.js:446:21)
2022-07-20T06:50:11.313Z thumbsup:error     at iterateeCallback (/usr/local/lib/node_modules/thumbsup/node_modules/async/dist/async.js:430:21)
2022-07-20T06:50:11.313Z thumbsup:error     at /usr/local/lib/node_modules/thumbsup/node_modules/async/dist/async.js:327:20
2022-07-20T06:50:11.313Z thumbsup:error     at /usr/local/lib/node_modules/thumbsup/node_modules/async/dist/async.js:3679:17
2022-07-20T06:50:11.313Z thumbsup:error     at /usr/local/lib/node_modules/thumbsup/node_modules/async/dist/async.js:3681:19
2022-07-20T06:50:11.313Z thumbsup:error     at wrapper (/usr/local/lib/node_modules/thumbsup/node_modules/async/dist/async.js:271:20)
2022-07-20T07:01:15.788Z thumbsup:warn ffmpeg (https://www.ffmpeg.org) is not installed. You will not be able to process videos.
2022-07-20T07:01:15.789Z thumbsup:warn gifsicle (http://www.lcdf.org/gifsicle) is not installed. You will not be able to process animated GIFs.
2022-07-20T07:01:15.789Z thumbsup:warn dcraw (https://www.cybercom.net/~dcoffin/dcraw/) is not installed. You will not be able to process RAW photos.
2022-07-20T07:01:15.789Z thumbsup:warn zip (https://linux.die.net/man/1/zip) is not installed. You will not be able to create ZIP files.
2022-07-20T07:01:16.543Z thumbsup:error Error: Parse error on line 10:
2022-07-20T07:01:16.543Z thumbsup:error ...each}}{{#endwith}}
2022-07-20T07:01:16.543Z thumbsup:error ---------------------^
2022-07-20T07:01:16.543Z thumbsup:error Expecting 'COMMENT', 'CONTENT', 'OPEN_RAW_BLOCK', 'OPEN_BLOCK', 'OPEN_INVERSE', 'OPEN_INVERSE_CHAIN', 'INVERSE', 'OPEN_ENDBLOCK', 'OPEN', 'OPEN_UNESCAPED', 'OPEN_PARTIAL', 'OPEN_PARTIAL_BLOCK', got 'EOF'
2022-07-20T07:01:16.543Z thumbsup:error     at Parser.parseError (/usr/local/lib/node_modules/thumbsup/node_modules/handlebars/dist/cjs/handlebars/compiler/parser.js:267:19)
2022-07-20T07:01:16.543Z thumbsup:error     at Parser.parse (/usr/local/lib/node_modules/thumbsup/node_modules/handlebars/dist/cjs/handlebars/compiler/parser.js:336:30)
2022-07-20T07:01:16.543Z thumbsup:error     at parseWithoutProcessing (/usr/local/lib/node_modules/thumbsup/node_modules/handlebars/dist/cjs/handlebars/compiler/base.js:46:33)
2022-07-20T07:01:16.543Z thumbsup:error     at HandlebarsEnvironment.parse (/usr/local/lib/node_modules/thumbsup/node_modules/handlebars/dist/cjs/handlebars/compiler/base.js:52:13)
2022-07-20T07:01:16.543Z thumbsup:error     at compileInput (/usr/local/lib/node_modules/thumbsup/node_modules/handlebars/dist/cjs/handlebars/compiler/compiler.js:508:19)
2022-07-20T07:01:16.543Z thumbsup:error     at Theme.ret [as template] (/usr/local/lib/node_modules/thumbsup/node_modules/handlebars/dist/cjs/handlebars/compiler/compiler.js:517:18)
2022-07-20T07:01:16.543Z thumbsup:error     at Theme.render (/usr/local/lib/node_modules/thumbsup/src/website/theme.js:64:27)
2022-07-20T07:01:16.543Z thumbsup:error     at /usr/local/lib/node_modules/thumbsup/src/website/website.js:30:26
2022-07-20T07:01:16.543Z thumbsup:error     at /usr/local/lib/node_modules/thumbsup/node_modules/async/dist/async.js:3674:28
2022-07-20T07:01:16.543Z thumbsup:error     at replenish (/usr/local/lib/node_modules/thumbsup/node_modules/async/dist/async.js:446:21)
2022-07-20T07:01:49.636Z thumbsup:warn ffmpeg (https://www.ffmpeg.org) is not installed. You will not be able to process videos.
2022-07-20T07:01:49.636Z thumbsup:warn gifsicle (http://www.lcdf.org/gifsicle) is not installed. You will not be able to process animated GIFs.
2022-07-20T07:01:49.637Z thumbsup:warn dcraw (https://www.cybercom.net/~dcoffin/dcraw/) is not installed. You will not be able to process RAW photos.
2022-07-20T07:01:49.637Z thumbsup:warn zip (https://linux.die.net/man/1/zip) is not installed. You will not be able to create ZIP files.
2022-07-20T07:01:50.337Z thumbsup:error Error: Parse error on line 11:
2022-07-20T07:01:50.337Z thumbsup:error ...ach}}{{#endwith}}
2022-07-20T07:01:50.337Z thumbsup:error --------------------^
2022-07-20T07:01:50.337Z thumbsup:error Expecting 'OPEN_INVERSE_CHAIN', 'INVERSE', 'OPEN_ENDBLOCK', got 'EOF'
2022-07-20T07:01:50.337Z thumbsup:error     at Parser.parseError (/usr/local/lib/node_modules/thumbsup/node_modules/handlebars/dist/cjs/handlebars/compiler/parser.js:267:19)
2022-07-20T07:01:50.337Z thumbsup:error     at Parser.parse (/usr/local/lib/node_modules/thumbsup/node_modules/handlebars/dist/cjs/handlebars/compiler/parser.js:336:30)
2022-07-20T07:01:50.337Z thumbsup:error     at parseWithoutProcessing (/usr/local/lib/node_modules/thumbsup/node_modules/handlebars/dist/cjs/handlebars/compiler/base.js:46:33)
2022-07-20T07:01:50.337Z thumbsup:error     at HandlebarsEnvironment.parse (/usr/local/lib/node_modules/thumbsup/node_modules/handlebars/dist/cjs/handlebars/compiler/base.js:52:13)
2022-07-20T07:01:50.337Z thumbsup:error     at compileInput (/usr/local/lib/node_modules/thumbsup/node_modules/handlebars/dist/cjs/handlebars/compiler/compiler.js:508:19)
2022-07-20T07:01:50.337Z thumbsup:error     at Theme.ret [as template] (/usr/local/lib/node_modules/thumbsup/node_modules/handlebars/dist/cjs/handlebars/compiler/compiler.js:517:18)
2022-07-20T07:01:50.337Z thumbsup:error     at Theme.render (/usr/local/lib/node_modules/thumbsup/src/website/theme.js:64:27)
2022-07-20T07:01:50.337Z thumbsup:error     at /usr/local/lib/node_modules/thumbsup/src/website/website.js:30:26
2022-07-20T07:01:50.337Z thumbsup:error     at /usr/local/lib/node_modules/thumbsup/node_modules/async/dist/async.js:3674:28
2022-07-20T07:01:50.337Z thumbsup:error     at replenish (/usr/local/lib/node_modules/thumbsup/node_modules/async/dist/async.js:446:21)
2022-07-20T07:03:08.090Z thumbsup:warn ffmpeg (https://www.ffmpeg.org) is not installed. You will not be able to process videos.
2022-07-20T07:03:08.091Z thumbsup:warn gifsicle (http://www.lcdf.org/gifsicle) is not installed. You will not be able to process animated GIFs.
2022-07-20T07:03:08.091Z thumbsup:warn dcraw (https://www.cybercom.net/~dcoffin/dcraw/) is not installed. You will not be able to process RAW photos.
2022-07-20T07:03:08.091Z thumbsup:warn zip (https://linux.die.net/man/1/zip) is not installed. You will not be able to create ZIP files.
2022-07-20T07:05:02.086Z thumbsup:warn ffmpeg (https://www.ffmpeg.org) is not installed. You will not be able to process videos.
2022-07-20T07:05:02.087Z thumbsup:warn gifsicle (http://www.lcdf.org/gifsicle) is not installed. You will not be able to process animated GIFs.
2022-07-20T07:05:02.087Z thumbsup:warn dcraw (https://www.cybercom.net/~dcoffin/dcraw/) is not installed. You will not be able to process RAW photos.
2022-07-20T07:05:02.087Z thumbsup:warn zip (https://linux.die.net/man/1/zip) is not installed. You will not be able to create ZIP files.
2022-07-20T07:05:29.255Z thumbsup:warn ffmpeg (https://www.ffmpeg.org) is not installed. You will not be able to process videos.
2022-07-20T07:05:29.255Z thumbsup:warn gifsicle (http://www.lcdf.org/gifsicle) is not installed. You will not be able to process animated GIFs.
2022-07-20T07:05:29.255Z thumbsup:warn dcraw (https://www.cybercom.net/~dcoffin/dcraw/) is not installed. You will not be able to process RAW photos.
2022-07-20T07:05:29.255Z thumbsup:warn zip (https://linux.die.net/man/1/zip) is not installed. You will not be able to create ZIP files.
2022-07-20T07:06:30.468Z thumbsup:warn ffmpeg (https://www.ffmpeg.org) is not installed. You will not be able to process videos.
2022-07-20T07:06:30.469Z thumbsup:warn gifsicle (http://www.lcdf.org/gifsicle) is not installed. You will not be able to process animated GIFs.
2022-07-20T07:06:30.469Z thumbsup:warn dcraw (https://www.cybercom.net/~dcoffin/dcraw/) is not installed. You will not be able to process RAW photos.
2022-07-20T07:06:30.469Z thumbsup:warn zip (https://linux.die.net/man/1/zip) is not installed. You will not be able to create ZIP files.
2022-07-20T07:07:09.381Z thumbsup:warn ffmpeg (https://www.ffmpeg.org) is not installed. You will not be able to process videos.
2022-07-20T07:07:09.382Z thumbsup:warn gifsicle (http://www.lcdf.org/gifsicle) is not installed. You will not be able to process animated GIFs.
2022-07-20T07:07:09.382Z thumbsup:warn dcraw (https://www.cybercom.net/~dcoffin/dcraw/) is not installed. You will not be able to process RAW photos.
2022-07-20T07:07:09.382Z thumbsup:warn zip (https://linux.die.net/man/1/zip) is not installed. You will not be able to create ZIP files.
2022-07-20T07:08:24.574Z thumbsup:warn ffmpeg (https://www.ffmpeg.org) is not installed. You will not be able to process videos.
2022-07-20T07:08:24.575Z thumbsup:warn gifsicle (http://www.lcdf.org/gifsicle) is not installed. You will not be able to process animated GIFs.
2022-07-20T07:08:24.575Z thumbsup:warn dcraw (https://www.cybercom.net/~dcoffin/dcraw/) is not installed. You will not be able to process RAW photos.
2022-07-20T07:08:24.575Z thumbsup:warn zip (https://linux.die.net/man/1/zip) is not installed. You will not be able to create ZIP files.
2022-07-20T07:09:14.735Z thumbsup:warn ffmpeg (https://www.ffmpeg.org) is not installed. You will not be able to process videos.
2022-07-20T07:09:14.736Z thumbsup:warn gifsicle (http://www.lcdf.org/gifsicle) is not installed. You will not be able to process animated GIFs.
2022-07-20T07:09:14.736Z thumbsup:warn dcraw (https://www.cybercom.net/~dcoffin/dcraw/) is not installed. You will not be able to process RAW photos.
2022-07-20T07:09:14.736Z thumbsup:warn zip (https://linux.die.net/man/1/zip) is not installed. You will not be able to create ZIP files.
2022-07-20T07:10:07.606Z thumbsup:warn ffmpeg (https://www.ffmpeg.org) is not installed. You will not be able to process videos.
2022-07-20T07:10:07.606Z thumbsup:warn gifsicle (http://www.lcdf.org/gifsicle) is not installed. You will not be able to process animated GIFs.
2022-07-20T07:10:07.606Z thumbsup:warn dcraw (https://www.cybercom.net/~dcoffin/dcraw/) is not installed. You will not be able to process RAW photos.
2022-07-20T07:10:07.607Z thumbsup:warn zip (https://linux.die.net/man/1/zip) is not installed. You will not be able to create ZIP files.
2022-07-20T07:10:08.600Z thumbsup:error TypeError: Cannot read property 'match' of undefined
2022-07-20T07:10:08.600Z thumbsup:error     at File.module.exports (/usr/local/lib/node_modules/thumbsup/src/website/theme-base/helpers/relative.js:5:14)
2022-07-20T07:10:08.600Z thumbsup:error     at File.wrapper (/usr/local/lib/node_modules/thumbsup/node_modules/handlebars/dist/cjs/handlebars/internal/wrapHelper.js:15:19)
2022-07-20T07:10:08.600Z thumbsup:error     at eval (eval at createFunctionContext (/usr/local/lib/node_modules/thumbsup/node_modules/handlebars/dist/cjs/handlebars/compiler/javascript-compiler.js:262:23), <anonymous>:11:106)
2022-07-20T07:10:08.600Z thumbsup:error     at prog (/usr/local/lib/node_modules/thumbsup/node_modules/handlebars/dist/cjs/handlebars/runtime.js:268:12)
2022-07-20T07:10:08.600Z thumbsup:error     at execIteration (/usr/local/lib/node_modules/thumbsup/node_modules/handlebars/dist/cjs/handlebars/helpers/each.js:51:19)
2022-07-20T07:10:08.600Z thumbsup:error     at Album.<anonymous> (/usr/local/lib/node_modules/thumbsup/node_modules/handlebars/dist/cjs/handlebars/helpers/each.js:61:13)
2022-07-20T07:10:08.600Z thumbsup:error     at Album.wrapper (/usr/local/lib/node_modules/thumbsup/node_modules/handlebars/dist/cjs/handlebars/internal/wrapHelper.js:15:19)
2022-07-20T07:10:08.600Z thumbsup:error     at eval (eval at createFunctionContext (/usr/local/lib/node_modules/thumbsup/node_modules/handlebars/dist/cjs/handlebars/compiler/javascript-compiler.js:262:23), <anonymous>:11:49)
2022-07-20T07:10:08.600Z thumbsup:error     at prog (/usr/local/lib/node_modules/thumbsup/node_modules/handlebars/dist/cjs/handlebars/runtime.js:268:12)
2022-07-20T07:10:08.600Z thumbsup:error     at Object.<anonymous> (/usr/local/lib/node_modules/thumbsup/node_modules/handlebars/dist/cjs/handlebars/helpers/with.js:32:14)
2022-07-20T07:11:51.737Z thumbsup:warn ffmpeg (https://www.ffmpeg.org) is not installed. You will not be able to process videos.
2022-07-20T07:11:51.738Z thumbsup:warn gifsicle (http://www.lcdf.org/gifsicle) is not installed. You will not be able to process animated GIFs.
2022-07-20T07:11:51.738Z thumbsup:warn dcraw (https://www.cybercom.net/~dcoffin/dcraw/) is not installed. You will not be able to process RAW photos.
2022-07-20T07:11:51.738Z thumbsup:warn zip (https://linux.die.net/man/1/zip) is not installed. You will not be able to create ZIP files.
2022-07-20T07:13:36.297Z thumbsup:warn ffmpeg (https://www.ffmpeg.org) is not installed. You will not be able to process videos.
2022-07-20T07:13:36.297Z thumbsup:warn gifsicle (http://www.lcdf.org/gifsicle) is not installed. You will not be able to process animated GIFs.
2022-07-20T07:13:36.297Z thumbsup:warn dcraw (https://www.cybercom.net/~dcoffin/dcraw/) is not installed. You will not be able to process RAW photos.
2022-07-20T07:13:36.297Z thumbsup:warn zip (https://linux.die.net/man/1/zip) is not installed. You will not be able to create ZIP files.
2022-07-20T07:14:25.666Z thumbsup:warn ffmpeg (https://www.ffmpeg.org) is not installed. You will not be able to process videos.
2022-07-20T07:14:25.667Z thumbsup:warn gifsicle (http://www.lcdf.org/gifsicle) is not installed. You will not be able to process animated GIFs.
2022-07-20T07:14:25.667Z thumbsup:warn dcraw (https://www.cybercom.net/~dcoffin/dcraw/) is not installed. You will not be able to process RAW photos.
2022-07-20T07:14:25.667Z thumbsup:warn zip (https://linux.die.net/man/1/zip) is not installed. You will not be able to create ZIP files.
2022-07-20T07:16:04.948Z thumbsup:warn ffmpeg (https://www.ffmpeg.org) is not installed. You will not be able to process videos.
2022-07-20T07:16:04.948Z thumbsup:warn gifsicle (http://www.lcdf.org/gifsicle) is not installed. You will not be able to process animated GIFs.
2022-07-20T07:16:04.949Z thumbsup:warn dcraw (https://www.cybercom.net/~dcoffin/dcraw/) is not installed. You will not be able to process RAW photos.
2022-07-20T07:16:04.949Z thumbsup:warn zip (https://linux.die.net/man/1/zip) is not installed. You will not be able to create ZIP files.
2022-07-20T07:16:58.408Z thumbsup:warn ffmpeg (https://www.ffmpeg.org) is not installed. You will not be able to process videos.
2022-07-20T07:16:58.409Z thumbsup:warn gifsicle (http://www.lcdf.org/gifsicle) is not installed. You will not be able to process animated GIFs.
2022-07-20T07:16:58.409Z thumbsup:warn dcraw (https://www.cybercom.net/~dcoffin/dcraw/) is not installed. You will not be able to process RAW photos.
2022-07-20T07:16:58.409Z thumbsup:warn zip (https://linux.die.net/man/1/zip) is not installed. You will not be able to create ZIP files.
2022-07-20T07:17:24.878Z thumbsup:warn ffmpeg (https://www.ffmpeg.org) is not installed. You will not be able to process videos.
2022-07-20T07:17:24.879Z thumbsup:warn gifsicle (http://www.lcdf.org/gifsicle) is not installed. You will not be able to process animated GIFs.
2022-07-20T07:17:24.879Z thumbsup:warn dcraw (https://www.cybercom.net/~dcoffin/dcraw/) is not installed. You will not be able to process RAW photos.
2022-07-20T07:17:24.879Z thumbsup:warn zip (https://linux.die.net/man/1/zip) is not installed. You will not be able to create ZIP files.
2022-07-20T07:19:12.215Z thumbsup:warn ffmpeg (https://www.ffmpeg.org) is not installed. You will not be able to process videos.
2022-07-20T07:19:12.217Z thumbsup:warn gifsicle (http://www.lcdf.org/gifsicle) is not installed. You will not be able to process animated GIFs.
2022-07-20T07:19:12.218Z thumbsup:warn dcraw (https://www.cybercom.net/~dcoffin/dcraw/) is not installed. You will not be able to process RAW photos.
2022-07-20T07:19:12.219Z thumbsup:warn zip (https://linux.die.net/man/1/zip) is not installed. You will not be able to create ZIP files.
2022-07-20T07:19:59.262Z thumbsup:warn ffmpeg (https://www.ffmpeg.org) is not installed. You will not be able to process videos.
2022-07-20T07:19:59.263Z thumbsup:warn gifsicle (http://www.lcdf.org/gifsicle) is not installed. You will not be able to process animated GIFs.
2022-07-20T07:19:59.263Z thumbsup:warn dcraw (https://www.cybercom.net/~dcoffin/dcraw/) is not installed. You will not be able to process RAW photos.
2022-07-20T07:19:59.263Z thumbsup:warn zip (https://linux.die.net/man/1/zip) is not installed. You will not be able to create ZIP files.
2022-07-20T07:21:14.336Z thumbsup:warn ffmpeg (https://www.ffmpeg.org) is not installed. You will not be able to process videos.
2022-07-20T07:21:14.337Z thumbsup:warn gifsicle (http://www.lcdf.org/gifsicle) is not installed. You will not be able to process animated GIFs.
2022-07-20T07:21:14.337Z thumbsup:warn dcraw (https://www.cybercom.net/~dcoffin/dcraw/) is not installed. You will not be able to process RAW photos.
2022-07-20T07:21:14.337Z thumbsup:warn zip (https://linux.die.net/man/1/zip) is not installed. You will not be able to create ZIP files.
2022-07-20T07:26:46.078Z thumbsup:warn ffmpeg (https://www.ffmpeg.org) is not installed. You will not be able to process videos.
2022-07-20T07:26:46.078Z thumbsup:warn gifsicle (http://www.lcdf.org/gifsicle) is not installed. You will not be able to process animated GIFs.
2022-07-20T07:26:46.079Z thumbsup:warn dcraw (https://www.cybercom.net/~dcoffin/dcraw/) is not installed. You will not be able to process RAW photos.
2022-07-20T07:26:46.079Z thumbsup:warn zip (https://linux.die.net/man/1/zip) is not installed. You will not be able to create ZIP files.
2022-07-20T07:29:08.636Z thumbsup:warn ffmpeg (https://www.ffmpeg.org) is not installed. You will not be able to process videos.
2022-07-20T07:29:08.637Z thumbsup:warn gifsicle (http://www.lcdf.org/gifsicle) is not installed. You will not be able to process animated GIFs.
2022-07-20T07:29:08.637Z thumbsup:warn dcraw (https://www.cybercom.net/~dcoffin/dcraw/) is not installed. You will not be able to process RAW photos.
2022-07-20T07:29:08.637Z thumbsup:warn zip (https://linux.die.net/man/1/zip) is not installed. You will not be able to create ZIP files.
2022-07-20T07:34:41.646Z thumbsup:warn ffmpeg (https://www.ffmpeg.org) is not installed. You will not be able to process videos.
2022-07-20T07:34:41.646Z thumbsup:warn gifsicle (http://www.lcdf.org/gifsicle) is not installed. You will not be able to process animated GIFs.
2022-07-20T07:34:41.646Z thumbsup:warn dcraw (https://www.cybercom.net/~dcoffin/dcraw/) is not installed. You will not be able to process RAW photos.
2022-07-20T07:34:41.646Z thumbsup:warn zip (https://linux.die.net/man/1/zip) is not installed. You will not be able to create ZIP files.
2022-07-20T07:35:00.253Z thumbsup:warn ffmpeg (https://www.ffmpeg.org) is not installed. You will not be able to process videos.
2022-07-20T07:35:00.254Z thumbsup:warn gifsicle (http://www.lcdf.org/gifsicle) is not installed. You will not be able to process animated GIFs.
2022-07-20T07:35:00.254Z thumbsup:warn dcraw (https://www.cybercom.net/~dcoffin/dcraw/) is not installed. You will not be able to process RAW photos.
2022-07-20T07:35:00.254Z thumbsup:warn zip (https://linux.die.net/man/1/zip) is not installed. You will not be able to create ZIP files.
2022-07-20T07:38:10.476Z thumbsup:warn ffmpeg (https://www.ffmpeg.org) is not installed. You will not be able to process videos.
2022-07-20T07:38:10.477Z thumbsup:warn gifsicle (http://www.lcdf.org/gifsicle) is not installed. You will not be able to process animated GIFs.
2022-07-20T07:38:10.477Z thumbsup:warn dcraw (https://www.cybercom.net/~dcoffin/dcraw/) is not installed. You will not be able to process RAW photos.
2022-07-20T07:38:10.477Z thumbsup:warn zip (https://linux.die.net/man/1/zip) is not installed. You will not be able to create ZIP files.
2022-07-20T07:38:47.643Z thumbsup:warn ffmpeg (https://www.ffmpeg.org) is not installed. You will not be able to process videos.
2022-07-20T07:38:47.643Z thumbsup:warn gifsicle (http://www.lcdf.org/gifsicle) is not installed. You will not be able to process animated GIFs.
2022-07-20T07:38:47.643Z thumbsup:warn dcraw (https://www.cybercom.net/~dcoffin/dcraw/) is not installed. You will not be able to process RAW photos.
2022-07-20T07:38:47.643Z thumbsup:warn zip (https://linux.die.net/man/1/zip) is not installed. You will not be able to create ZIP files.
2022-07-20T07:39:51.381Z thumbsup:warn ffmpeg (https://www.ffmpeg.org) is not installed. You will not be able to process videos.
2022-07-20T07:39:51.382Z thumbsup:warn gifsicle (http://www.lcdf.org/gifsicle) is not installed. You will not be able to process animated GIFs.
2022-07-20T07:39:51.382Z thumbsup:warn dcraw (https://www.cybercom.net/~dcoffin/dcraw/) is not installed. You will not be able to process RAW photos.
2022-07-20T07:39:51.382Z thumbsup:warn zip (https://linux.die.net/man/1/zip) is not installed. You will not be able to create ZIP files.
2022-07-20T07:40:14.757Z thumbsup:warn ffmpeg (https://www.ffmpeg.org) is not installed. You will not be able to process videos.
2022-07-20T07:40:14.758Z thumbsup:warn gifsicle (http://www.lcdf.org/gifsicle) is not installed. You will not be able to process animated GIFs.
2022-07-20T07:40:14.758Z thumbsup:warn dcraw (https://www.cybercom.net/~dcoffin/dcraw/) is not installed. You will not be able to process RAW photos.
2022-07-20T07:40:14.758Z thumbsup:warn zip (https://linux.die.net/man/1/zip) is not installed. You will not be able to create ZIP files.
2022-07-20T07:40:45.632Z thumbsup:warn ffmpeg (https://www.ffmpeg.org) is not installed. You will not be able to process videos.
2022-07-20T07:40:45.632Z thumbsup:warn gifsicle (http://www.lcdf.org/gifsicle) is not installed. You will not be able to process animated GIFs.
2022-07-20T07:40:45.632Z thumbsup:warn dcraw (https://www.cybercom.net/~dcoffin/dcraw/) is not installed. You will not be able to process RAW photos.
2022-07-20T07:40:45.632Z thumbsup:warn zip (https://linux.die.net/man/1/zip) is not installed. You will not be able to create ZIP files.
2022-07-20T07:49:44.845Z thumbsup:warn ffmpeg (https://www.ffmpeg.org) is not installed. You will not be able to process videos.
2022-07-20T07:49:44.845Z thumbsup:warn gifsicle (http://www.lcdf.org/gifsicle) is not installed. You will not be able to process animated GIFs.
2022-07-20T07:49:44.845Z thumbsup:warn dcraw (https://www.cybercom.net/~dcoffin/dcraw/) is not installed. You will not be able to process RAW photos.
2022-07-20T07:49:44.845Z thumbsup:warn zip (https://linux.die.net/man/1/zip) is not installed. You will not be able to create ZIP files.
2022-07-20T07:51:10.081Z thumbsup:warn ffmpeg (https://www.ffmpeg.org) is not installed. You will not be able to process videos.
2022-07-20T07:51:10.082Z thumbsup:warn gifsicle (http://www.lcdf.org/gifsicle) is not installed. You will not be able to process animated GIFs.
2022-07-20T07:51:10.082Z thumbsup:warn dcraw (https://www.cybercom.net/~dcoffin/dcraw/) is not installed. You will not be able to process RAW photos.
2022-07-20T07:51:10.082Z thumbsup:warn zip (https://linux.die.net/man/1/zip) is not installed. You will not be able to create ZIP files.
2022-07-20T07:52:00.266Z thumbsup:warn ffmpeg (https://www.ffmpeg.org) is not installed. You will not be able to process videos.
2022-07-20T07:52:00.266Z thumbsup:warn gifsicle (http://www.lcdf.org/gifsicle) is not installed. You will not be able to process animated GIFs.
2022-07-20T07:52:00.267Z thumbsup:warn dcraw (https://www.cybercom.net/~dcoffin/dcraw/) is not installed. You will not be able to process RAW photos.
2022-07-20T07:52:00.267Z thumbsup:warn zip (https://linux.die.net/man/1/zip) is not installed. You will not be able to create ZIP files.
2022-07-20T07:52:58.521Z thumbsup:warn ffmpeg (https://www.ffmpeg.org) is not installed. You will not be able to process videos.
2022-07-20T07:52:58.522Z thumbsup:warn gifsicle (http://www.lcdf.org/gifsicle) is not installed. You will not be able to process animated GIFs.
2022-07-20T07:52:58.522Z thumbsup:warn dcraw (https://www.cybercom.net/~dcoffin/dcraw/) is not installed. You will not be able to process RAW photos.
2022-07-20T07:52:58.522Z thumbsup:warn zip (https://linux.die.net/man/1/zip) is not installed. You will not be able to create ZIP files.
2022-07-20T07:53:28.031Z thumbsup:warn ffmpeg (https://www.ffmpeg.org) is not installed. You will not be able to process videos.
2022-07-20T07:53:28.032Z thumbsup:warn gifsicle (http://www.lcdf.org/gifsicle) is not installed. You will not be able to process animated GIFs.
2022-07-20T07:53:28.032Z thumbsup:warn dcraw (https://www.cybercom.net/~dcoffin/dcraw/) is not installed. You will not be able to process RAW photos.
2022-07-20T07:53:28.032Z thumbsup:warn zip (https://linux.die.net/man/1/zip) is not installed. You will not be able to create ZIP files.
2022-07-20T07:53:54.984Z thumbsup:warn ffmpeg (https://www.ffmpeg.org) is not installed. You will not be able to process videos.
2022-07-20T07:53:54.984Z thumbsup:warn gifsicle (http://www.lcdf.org/gifsicle) is not installed. You will not be able to process animated GIFs.
2022-07-20T07:53:54.984Z thumbsup:warn dcraw (https://www.cybercom.net/~dcoffin/dcraw/) is not installed. You will not be able to process RAW photos.
2022-07-20T07:53:54.984Z thumbsup:warn zip (https://linux.die.net/man/1/zip) is not installed. You will not be able to create ZIP files.
2022-07-20T07:55:11.412Z thumbsup:warn ffmpeg (https://www.ffmpeg.org) is not installed. You will not be able to process videos.
2022-07-20T07:55:11.413Z thumbsup:warn gifsicle (http://www.lcdf.org/gifsicle) is not installed. You will not be able to process animated GIFs.
2022-07-20T07:55:11.413Z thumbsup:warn dcraw (https://www.cybercom.net/~dcoffin/dcraw/) is not installed. You will not be able to process RAW photos.
2022-07-20T07:55:11.413Z thumbsup:warn zip (https://linux.die.net/man/1/zip) is not installed. You will not be able to create ZIP files.
2022-07-20T07:55:56.613Z thumbsup:warn ffmpeg (https://www.ffmpeg.org) is not installed. You will not be able to process videos.
2022-07-20T07:55:56.614Z thumbsup:warn gifsicle (http://www.lcdf.org/gifsicle) is not installed. You will not be able to process animated GIFs.
2022-07-20T07:55:56.614Z thumbsup:warn dcraw (https://www.cybercom.net/~dcoffin/dcraw/) is not installed. You will not be able to process RAW photos.
2022-07-20T07:55:56.614Z thumbsup:warn zip (https://linux.die.net/man/1/zip) is not installed. You will not be able to create ZIP files.
2022-07-20T07:58:37.372Z thumbsup:warn ffmpeg (https://www.ffmpeg.org) is not installed. You will not be able to process videos.
2022-07-20T07:58:37.373Z thumbsup:warn gifsicle (http://www.lcdf.org/gifsicle) is not installed. You will not be able to process animated GIFs.
2022-07-20T07:58:37.373Z thumbsup:warn dcraw (https://www.cybercom.net/~dcoffin/dcraw/) is not installed. You will not be able to process RAW photos.
2022-07-20T07:58:37.374Z thumbsup:warn zip (https://linux.die.net/man/1/zip) is not installed. You will not be able to create ZIP files.
2022-07-20T07:59:56.952Z thumbsup:warn ffmpeg (https://www.ffmpeg.org) is not installed. You will not be able to process videos.
2022-07-20T07:59:56.953Z thumbsup:warn gifsicle (http://www.lcdf.org/gifsicle) is not installed. You will not be able to process animated GIFs.
2022-07-20T07:59:56.953Z thumbsup:warn dcraw (https://www.cybercom.net/~dcoffin/dcraw/) is not installed. You will not be able to process RAW photos.
2022-07-20T07:59:56.953Z thumbsup:warn zip (https://linux.die.net/man/1/zip) is not installed. You will not be able to create ZIP files.
2022-07-20T08:00:16.760Z thumbsup:warn ffmpeg (https://www.ffmpeg.org) is not installed. You will not be able to process videos.
2022-07-20T08:00:16.761Z thumbsup:warn gifsicle (http://www.lcdf.org/gifsicle) is not installed. You will not be able to process animated GIFs.
2022-07-20T08:00:16.761Z thumbsup:warn dcraw (https://www.cybercom.net/~dcoffin/dcraw/) is not installed. You will not be able to process RAW photos.
2022-07-20T08:00:16.761Z thumbsup:warn zip (https://linux.die.net/man/1/zip) is not installed. You will not be able to create ZIP files.
2022-07-20T08:03:16.710Z thumbsup:warn ffmpeg (https://www.ffmpeg.org) is not installed. You will not be able to process videos.
2022-07-20T08:03:16.711Z thumbsup:warn gifsicle (http://www.lcdf.org/gifsicle) is not installed. You will not be able to process animated GIFs.
2022-07-20T08:03:16.711Z thumbsup:warn dcraw (https://www.cybercom.net/~dcoffin/dcraw/) is not installed. You will not be able to process RAW photos.
2022-07-20T08:03:16.711Z thumbsup:warn zip (https://linux.die.net/man/1/zip) is not installed. You will not be able to create ZIP files.
2022-07-20T08:04:26.332Z thumbsup:warn ffmpeg (https://www.ffmpeg.org) is not installed. You will not be able to process videos.
2022-07-20T08:04:26.333Z thumbsup:warn gifsicle (http://www.lcdf.org/gifsicle) is not installed. You will not be able to process animated GIFs.
2022-07-20T08:04:26.333Z thumbsup:warn dcraw (https://www.cybercom.net/~dcoffin/dcraw/) is not installed. You will not be able to process RAW photos.
2022-07-20T08:04:26.333Z thumbsup:warn zip (https://linux.die.net/man/1/zip) is not installed. You will not be able to create ZIP files.
2022-07-20T08:04:56.002Z thumbsup:warn ffmpeg (https://www.ffmpeg.org) is not installed. You will not be able to process videos.
2022-07-20T08:04:56.003Z thumbsup:warn gifsicle (http://www.lcdf.org/gifsicle) is not installed. You will not be able to process animated GIFs.
2022-07-20T08:04:56.003Z thumbsup:warn dcraw (https://www.cybercom.net/~dcoffin/dcraw/) is not installed. You will not be able to process RAW photos.
2022-07-20T08:04:56.008Z thumbsup:warn zip (https://linux.die.net/man/1/zip) is not installed. You will not be able to create ZIP files.
2022-07-20T08:05:45.477Z thumbsup:warn ffmpeg (https://www.ffmpeg.org) is not installed. You will not be able to process videos.
2022-07-20T08:05:45.478Z thumbsup:warn gifsicle (http://www.lcdf.org/gifsicle) is not installed. You will not be able to process animated GIFs.
2022-07-20T08:05:45.478Z thumbsup:warn dcraw (https://www.cybercom.net/~dcoffin/dcraw/) is not installed. You will not be able to process RAW photos.
2022-07-20T08:05:45.478Z thumbsup:warn zip (https://linux.die.net/man/1/zip) is not installed. You will not be able to create ZIP files.
2022-07-20T08:06:17.576Z thumbsup:warn ffmpeg (https://www.ffmpeg.org) is not installed. You will not be able to process videos.
2022-07-20T08:06:17.577Z thumbsup:warn gifsicle (http://www.lcdf.org/gifsicle) is not installed. You will not be able to process animated GIFs.
2022-07-20T08:06:17.577Z thumbsup:warn dcraw (https://www.cybercom.net/~dcoffin/dcraw/) is not installed. You will not be able to process RAW photos.
2022-07-20T08:06:17.577Z thumbsup:warn zip (https://linux.die.net/man/1/zip) is not installed. You will not be able to create ZIP files.
2022-07-20T08:06:31.165Z thumbsup:warn ffmpeg (https://www.ffmpeg.org) is not installed. You will not be able to process videos.
2022-07-20T08:06:31.165Z thumbsup:warn gifsicle (http://www.lcdf.org/gifsicle) is not installed. You will not be able to process animated GIFs.
2022-07-20T08:06:31.165Z thumbsup:warn dcraw (https://www.cybercom.net/~dcoffin/dcraw/) is not installed. You will not be able to process RAW photos.
2022-07-20T08:06:31.165Z thumbsup:warn zip (https://linux.die.net/man/1/zip) is not installed. You will not be able to create ZIP files.
2022-07-20T08:07:18.563Z thumbsup:warn ffmpeg (https://www.ffmpeg.org) is not installed. You will not be able to process videos.
2022-07-20T08:07:18.564Z thumbsup:warn gifsicle (http://www.lcdf.org/gifsicle) is not installed. You will not be able to process animated GIFs.
2022-07-20T08:07:18.564Z thumbsup:warn dcraw (https://www.cybercom.net/~dcoffin/dcraw/) is not installed. You will not be able to process RAW photos.
2022-07-20T08:07:18.564Z thumbsup:warn zip (https://linux.die.net/man/1/zip) is not installed. You will not be able to create ZIP files.
2022-07-20T08:07:38.015Z thumbsup:warn ffmpeg (https://www.ffmpeg.org) is not installed. You will not be able to process videos.
2022-07-20T08:07:38.016Z thumbsup:warn gifsicle (http://www.lcdf.org/gifsicle) is not installed. You will not be able to process animated GIFs.
2022-07-20T08:07:38.016Z thumbsup:warn dcraw (https://www.cybercom.net/~dcoffin/dcraw/) is not installed. You will not be able to process RAW photos.
2022-07-20T08:07:38.016Z thumbsup:warn zip (https://linux.die.net/man/1/zip) is not installed. You will not be able to create ZIP files.
2022-07-20T08:10:06.110Z thumbsup:warn ffmpeg (https://www.ffmpeg.org) is not installed. You will not be able to process videos.
2022-07-20T08:10:06.110Z thumbsup:warn gifsicle (http://www.lcdf.org/gifsicle) is not installed. You will not be able to process animated GIFs.
2022-07-20T08:10:06.110Z thumbsup:warn dcraw (https://www.cybercom.net/~dcoffin/dcraw/) is not installed. You will not be able to process RAW photos.
2022-07-20T08:10:06.110Z thumbsup:warn zip (https://linux.die.net/man/1/zip) is not installed. You will not be able to create ZIP files.
2022-07-20T08:11:36.225Z thumbsup:warn ffmpeg (https://www.ffmpeg.org) is not installed. You will not be able to process videos.
2022-07-20T08:11:36.226Z thumbsup:warn gifsicle (http://www.lcdf.org/gifsicle) is not installed. You will not be able to process animated GIFs.
2022-07-20T08:11:36.226Z thumbsup:warn dcraw (https://www.cybercom.net/~dcoffin/dcraw/) is not installed. You will not be able to process RAW photos.
2022-07-20T08:11:36.226Z thumbsup:warn zip (https://linux.die.net/man/1/zip) is not installed. You will not be able to create ZIP files.
2022-07-20T08:13:58.368Z thumbsup:warn ffmpeg (https://www.ffmpeg.org) is not installed. You will not be able to process videos.
2022-07-20T08:13:58.369Z thumbsup:warn gifsicle (http://www.lcdf.org/gifsicle) is not installed. You will not be able to process animated GIFs.
2022-07-20T08:13:58.369Z thumbsup:warn dcraw (https://www.cybercom.net/~dcoffin/dcraw/) is not installed. You will not be able to process RAW photos.
2022-07-20T08:13:58.369Z thumbsup:warn zip (https://linux.die.net/man/1/zip) is not installed. You will not be able to create ZIP files.
2022-07-20T08:15:18.856Z thumbsup:warn ffmpeg (https://www.ffmpeg.org) is not installed. You will not be able to process videos.
2022-07-20T08:15:18.857Z thumbsup:warn gifsicle (http://www.lcdf.org/gifsicle) is not installed. You will not be able to process animated GIFs.
2022-07-20T08:15:18.857Z thumbsup:warn dcraw (https://www.cybercom.net/~dcoffin/dcraw/) is not installed. You will not be able to process RAW photos.
2022-07-20T08:15:18.857Z thumbsup:warn zip (https://linux.die.net/man/1/zip) is not installed. You will not be able to create ZIP files.
2022-07-20T08:16:13.424Z thumbsup:warn ffmpeg (https://www.ffmpeg.org) is not installed. You will not be able to process videos.
2022-07-20T08:16:13.424Z thumbsup:warn gifsicle (http://www.lcdf.org/gifsicle) is not installed. You will not be able to process animated GIFs.
2022-07-20T08:16:13.424Z thumbsup:warn dcraw (https://www.cybercom.net/~dcoffin/dcraw/) is not installed. You will not be able to process RAW photos.
2022-07-20T08:16:13.424Z thumbsup:warn zip (https://linux.die.net/man/1/zip) is not installed. You will not be able to create ZIP files.
2022-07-20T08:16:33.326Z thumbsup:warn ffmpeg (https://www.ffmpeg.org) is not installed. You will not be able to process videos.
2022-07-20T08:16:33.327Z thumbsup:warn gifsicle (http://www.lcdf.org/gifsicle) is not installed. You will not be able to process animated GIFs.
2022-07-20T08:16:33.327Z thumbsup:warn dcraw (https://www.cybercom.net/~dcoffin/dcraw/) is not installed. You will not be able to process RAW photos.
2022-07-20T08:16:33.327Z thumbsup:warn zip (https://linux.die.net/man/1/zip) is not installed. You will not be able to create ZIP files.
2022-07-20T08:17:34.999Z thumbsup:warn ffmpeg (https://www.ffmpeg.org) is not installed. You will not be able to process videos.
2022-07-20T08:17:34.999Z thumbsup:warn gifsicle (http://www.lcdf.org/gifsicle) is not installed. You will not be able to process animated GIFs.
2022-07-20T08:17:34.999Z thumbsup:warn dcraw (https://www.cybercom.net/~dcoffin/dcraw/) is not installed. You will not be able to process RAW photos.
2022-07-20T08:17:34.999Z thumbsup:warn zip (https://linux.die.net/man/1/zip) is not installed. You will not be able to create ZIP files.
2022-07-20T08:18:02.912Z thumbsup:warn ffmpeg (https://www.ffmpeg.org) is not installed. You will not be able to process videos.
2022-07-20T08:18:02.912Z thumbsup:warn gifsicle (http://www.lcdf.org/gifsicle) is not installed. You will not be able to process animated GIFs.
2022-07-20T08:18:02.912Z thumbsup:warn dcraw (https://www.cybercom.net/~dcoffin/dcraw/) is not installed. You will not be able to process RAW photos.
2022-07-20T08:18:02.912Z thumbsup:warn zip (https://linux.die.net/man/1/zip) is not installed. You will not be able to create ZIP files.
2022-07-20T08:18:20.103Z thumbsup:warn ffmpeg (https://www.ffmpeg.org) is not installed. You will not be able to process videos.
2022-07-20T08:18:20.104Z thumbsup:warn gifsicle (http://www.lcdf.org/gifsicle) is not installed. You will not be able to process animated GIFs.
2022-07-20T08:18:20.104Z thumbsup:warn dcraw (https://www.cybercom.net/~dcoffin/dcraw/) is not installed. You will not be able to process RAW photos.
2022-07-20T08:18:20.104Z thumbsup:warn zip (https://linux.die.net/man/1/zip) is not installed. You will not be able to create ZIP files.
2022-07-20T08:19:17.328Z thumbsup:warn ffmpeg (https://www.ffmpeg.org) is not installed. You will not be able to process videos.
2022-07-20T08:19:17.329Z thumbsup:warn gifsicle (http://www.lcdf.org/gifsicle) is not installed. You will not be able to process animated GIFs.
2022-07-20T08:19:17.329Z thumbsup:warn dcraw (https://www.cybercom.net/~dcoffin/dcraw/) is not installed. You will not be able to process RAW photos.
2022-07-20T08:19:17.329Z thumbsup:warn zip (https://linux.die.net/man/1/zip) is not installed. You will not be able to create ZIP files.
2022-07-20T08:20:47.410Z thumbsup:warn ffmpeg (https://www.ffmpeg.org) is not installed. You will not be able to process videos.
2022-07-20T08:20:47.411Z thumbsup:warn gifsicle (http://www.lcdf.org/gifsicle) is not installed. You will not be able to process animated GIFs.
2022-07-20T08:20:47.411Z thumbsup:warn dcraw (https://www.cybercom.net/~dcoffin/dcraw/) is not installed. You will not be able to process RAW photos.
2022-07-20T08:20:47.411Z thumbsup:warn zip (https://linux.die.net/man/1/zip) is not installed. You will not be able to create ZIP files.
2022-07-20T08:22:39.735Z thumbsup:warn ffmpeg (https://www.ffmpeg.org) is not installed. You will not be able to process videos.
2022-07-20T08:22:39.736Z thumbsup:warn gifsicle (http://www.lcdf.org/gifsicle) is not installed. You will not be able to process animated GIFs.
2022-07-20T08:22:39.736Z thumbsup:warn dcraw (https://www.cybercom.net/~dcoffin/dcraw/) is not installed. You will not be able to process RAW photos.
2022-07-20T08:22:39.736Z thumbsup:warn zip (https://linux.die.net/man/1/zip) is not installed. You will not be able to create ZIP files.
2022-07-20T08:22:50.959Z thumbsup:warn ffmpeg (https://www.ffmpeg.org) is not installed. You will not be able to process videos.
2022-07-20T08:22:50.960Z thumbsup:warn gifsicle (http://www.lcdf.org/gifsicle) is not installed. You will not be able to process animated GIFs.
2022-07-20T08:22:50.960Z thumbsup:warn dcraw (https://www.cybercom.net/~dcoffin/dcraw/) is not installed. You will not be able to process RAW photos.
2022-07-20T08:22:50.960Z thumbsup:warn zip (https://linux.die.net/man/1/zip) is not installed. You will not be able to create ZIP files.
2022-07-20T08:28:49.056Z thumbsup:warn ffmpeg (https://www.ffmpeg.org) is not installed. You will not be able to process videos.
2022-07-20T08:28:49.057Z thumbsup:warn gifsicle (http://www.lcdf.org/gifsicle) is not installed. You will not be able to process animated GIFs.
2022-07-20T08:28:49.057Z thumbsup:warn dcraw (https://www.cybercom.net/~dcoffin/dcraw/) is not installed. You will not be able to process RAW photos.
2022-07-20T08:28:49.057Z thumbsup:warn zip (https://linux.die.net/man/1/zip) is not installed. You will not be able to create ZIP files.
2022-07-20T08:29:36.009Z thumbsup:warn ffmpeg (https://www.ffmpeg.org) is not installed. You will not be able to process videos.
2022-07-20T08:29:36.010Z thumbsup:warn gifsicle (http://www.lcdf.org/gifsicle) is not installed. You will not be able to process animated GIFs.
2022-07-20T08:29:36.010Z thumbsup:warn dcraw (https://www.cybercom.net/~dcoffin/dcraw/) is not installed. You will not be able to process RAW photos.
2022-07-20T08:29:36.010Z thumbsup:warn zip (https://linux.die.net/man/1/zip) is not installed. You will not be able to create ZIP files.
2022-07-20T08:29:57.388Z thumbsup:warn ffmpeg (https://www.ffmpeg.org) is not installed. You will not be able to process videos.
2022-07-20T08:29:57.388Z thumbsup:warn gifsicle (http://www.lcdf.org/gifsicle) is not installed. You will not be able to process animated GIFs.
2022-07-20T08:29:57.388Z thumbsup:warn dcraw (https://www.cybercom.net/~dcoffin/dcraw/) is not installed. You will not be able to process RAW photos.
2022-07-20T08:29:57.388Z thumbsup:warn zip (https://linux.die.net/man/1/zip) is not installed. You will not be able to create ZIP files.
2022-07-20T08:31:20.618Z thumbsup:warn ffmpeg (https://www.ffmpeg.org) is not installed. You will not be able to process videos.
2022-07-20T08:31:20.620Z thumbsup:warn gifsicle (http://www.lcdf.org/gifsicle) is not installed. You will not be able to process animated GIFs.
2022-07-20T08:31:20.620Z thumbsup:warn dcraw (https://www.cybercom.net/~dcoffin/dcraw/) is not installed. You will not be able to process RAW photos.
2022-07-20T08:31:20.620Z thumbsup:warn zip (https://linux.die.net/man/1/zip) is not installed. You will not be able to create ZIP files.
2022-07-20T08:32:54.631Z thumbsup:warn ffmpeg (https://www.ffmpeg.org) is not installed. You will not be able to process videos.
2022-07-20T08:32:54.631Z thumbsup:warn gifsicle (http://www.lcdf.org/gifsicle) is not installed. You will not be able to process animated GIFs.
2022-07-20T08:32:54.631Z thumbsup:warn dcraw (https://www.cybercom.net/~dcoffin/dcraw/) is not installed. You will not be able to process RAW photos.
2022-07-20T08:32:54.631Z thumbsup:warn zip (https://linux.die.net/man/1/zip) is not installed. You will not be able to create ZIP files.
2022-07-20T08:33:17.351Z thumbsup:warn ffmpeg (https://www.ffmpeg.org) is not installed. You will not be able to process videos.
2022-07-20T08:33:17.352Z thumbsup:warn gifsicle (http://www.lcdf.org/gifsicle) is not installed. You will not be able to process animated GIFs.
2022-07-20T08:33:17.352Z thumbsup:warn dcraw (https://www.cybercom.net/~dcoffin/dcraw/) is not installed. You will not be able to process RAW photos.
2022-07-20T08:33:17.352Z thumbsup:warn zip (https://linux.die.net/man/1/zip) is not installed. You will not be able to create ZIP files.
2022-07-20T08:33:26.234Z thumbsup:warn ffmpeg (https://www.ffmpeg.org) is not installed. You will not be able to process videos.
2022-07-20T08:33:26.234Z thumbsup:warn gifsicle (http://www.lcdf.org/gifsicle) is not installed. You will not be able to process animated GIFs.
2022-07-20T08:33:26.234Z thumbsup:warn dcraw (https://www.cybercom.net/~dcoffin/dcraw/) is not installed. You will not be able to process RAW photos.
2022-07-20T08:33:26.234Z thumbsup:warn zip (https://linux.die.net/man/1/zip) is not installed. You will not be able to create ZIP files.
2022-07-20T08:34:34.135Z thumbsup:warn ffmpeg (https://www.ffmpeg.org) is not installed. You will not be able to process videos.
2022-07-20T08:34:34.136Z thumbsup:warn gifsicle (http://www.lcdf.org/gifsicle) is not installed. You will not be able to process animated GIFs.
2022-07-20T08:34:34.136Z thumbsup:warn dcraw (https://www.cybercom.net/~dcoffin/dcraw/) is not installed. You will not be able to process RAW photos.
2022-07-20T08:34:34.136Z thumbsup:warn zip (https://linux.die.net/man/1/zip) is not installed. You will not be able to create ZIP files.
2022-07-20T08:35:17.268Z thumbsup:warn ffmpeg (https://www.ffmpeg.org) is not installed. You will not be able to process videos.
2022-07-20T08:35:17.269Z thumbsup:warn gifsicle (http://www.lcdf.org/gifsicle) is not installed. You will not be able to process animated GIFs.
2022-07-20T08:35:17.269Z thumbsup:warn dcraw (https://www.cybercom.net/~dcoffin/dcraw/) is not installed. You will not be able to process RAW photos.
2022-07-20T08:35:17.269Z thumbsup:warn zip (https://linux.die.net/man/1/zip) is not installed. You will not be able to create ZIP files.
2022-07-20T08:39:18.524Z thumbsup:warn ffmpeg (https://www.ffmpeg.org) is not installed. You will not be able to process videos.
2022-07-20T08:39:18.524Z thumbsup:warn gifsicle (http://www.lcdf.org/gifsicle) is not installed. You will not be able to process animated GIFs.
2022-07-20T08:39:18.524Z thumbsup:warn dcraw (https://www.cybercom.net/~dcoffin/dcraw/) is not installed. You will not be able to process RAW photos.
2022-07-20T08:39:18.524Z thumbsup:warn zip (https://linux.die.net/man/1/zip) is not installed. You will not be able to create ZIP files.
2022-07-20T08:40:08.745Z thumbsup:warn ffmpeg (https://www.ffmpeg.org) is not installed. You will not be able to process videos.
2022-07-20T08:40:08.746Z thumbsup:warn gifsicle (http://www.lcdf.org/gifsicle) is not installed. You will not be able to process animated GIFs.
2022-07-20T08:40:08.746Z thumbsup:warn dcraw (https://www.cybercom.net/~dcoffin/dcraw/) is not installed. You will not be able to process RAW photos.
2022-07-20T08:40:08.746Z thumbsup:warn zip (https://linux.die.net/man/1/zip) is not installed. You will not be able to create ZIP files.
2022-07-20T08:40:23.476Z thumbsup:warn ffmpeg (https://www.ffmpeg.org) is not installed. You will not be able to process videos.
2022-07-20T08:40:23.477Z thumbsup:warn gifsicle (http://www.lcdf.org/gifsicle) is not installed. You will not be able to process animated GIFs.
2022-07-20T08:40:23.477Z thumbsup:warn dcraw (https://www.cybercom.net/~dcoffin/dcraw/) is not installed. You will not be able to process RAW photos.
2022-07-20T08:40:23.477Z thumbsup:warn zip (https://linux.die.net/man/1/zip) is not installed. You will not be able to create ZIP files.
2022-07-20T08:41:05.132Z thumbsup:warn ffmpeg (https://www.ffmpeg.org) is not installed. You will not be able to process videos.
2022-07-20T08:41:05.133Z thumbsup:warn gifsicle (http://www.lcdf.org/gifsicle) is not installed. You will not be able to process animated GIFs.
2022-07-20T08:41:05.133Z thumbsup:warn dcraw (https://www.cybercom.net/~dcoffin/dcraw/) is not installed. You will not be able to process RAW photos.
2022-07-20T08:41:05.133Z thumbsup:warn zip (https://linux.die.net/man/1/zip) is not installed. You will not be able to create ZIP files.
2022-07-20T08:41:43.378Z thumbsup:warn ffmpeg (https://www.ffmpeg.org) is not installed. You will not be able to process videos.
2022-07-20T08:41:43.379Z thumbsup:warn gifsicle (http://www.lcdf.org/gifsicle) is not installed. You will not be able to process animated GIFs.
2022-07-20T08:41:43.379Z thumbsup:warn dcraw (https://www.cybercom.net/~dcoffin/dcraw/) is not installed. You will not be able to process RAW photos.
2022-07-20T08:41:43.379Z thumbsup:warn zip (https://linux.die.net/man/1/zip) is not installed. You will not be able to create ZIP files.
2022-07-20T08:42:22.127Z thumbsup:warn ffmpeg (https://www.ffmpeg.org) is not installed. You will not be able to process videos.
2022-07-20T08:42:22.128Z thumbsup:warn gifsicle (http://www.lcdf.org/gifsicle) is not installed. You will not be able to process animated GIFs.
2022-07-20T08:42:22.128Z thumbsup:warn dcraw (https://www.cybercom.net/~dcoffin/dcraw/) is not installed. You will not be able to process RAW photos.
2022-07-20T08:42:22.128Z thumbsup:warn zip (https://linux.die.net/man/1/zip) is not installed. You will not be able to create ZIP files.
2022-07-20T08:43:53.368Z thumbsup:warn ffmpeg (https://www.ffmpeg.org) is not installed. You will not be able to process videos.
2022-07-20T08:43:53.368Z thumbsup:warn gifsicle (http://www.lcdf.org/gifsicle) is not installed. You will not be able to process animated GIFs.
2022-07-20T08:43:53.368Z thumbsup:warn dcraw (https://www.cybercom.net/~dcoffin/dcraw/) is not installed. You will not be able to process RAW photos.
2022-07-20T08:43:53.368Z thumbsup:warn zip (https://linux.die.net/man/1/zip) is not installed. You will not be able to create ZIP files.
2022-07-20T08:44:29.735Z thumbsup:warn ffmpeg (https://www.ffmpeg.org) is not installed. You will not be able to process videos.
2022-07-20T08:44:29.735Z thumbsup:warn gifsicle (http://www.lcdf.org/gifsicle) is not installed. You will not be able to process animated GIFs.
2022-07-20T08:44:29.735Z thumbsup:warn dcraw (https://www.cybercom.net/~dcoffin/dcraw/) is not installed. You will not be able to process RAW photos.
2022-07-20T08:44:29.735Z thumbsup:warn zip (https://linux.die.net/man/1/zip) is not installed. You will not be able to create ZIP files.
2022-07-20T08:44:42.607Z thumbsup:warn ffmpeg (https://www.ffmpeg.org) is not installed. You will not be able to process videos.
2022-07-20T08:44:42.607Z thumbsup:warn gifsicle (http://www.lcdf.org/gifsicle) is not installed. You will not be able to process animated GIFs.
2022-07-20T08:44:42.607Z thumbsup:warn dcraw (https://www.cybercom.net/~dcoffin/dcraw/) is not installed. You will not be able to process RAW photos.
2022-07-20T08:44:42.607Z thumbsup:warn zip (https://linux.die.net/man/1/zip) is not installed. You will not be able to create ZIP files.
2022-07-20T08:45:05.654Z thumbsup:warn ffmpeg (https://www.ffmpeg.org) is not installed. You will not be able to process videos.
2022-07-20T08:45:05.655Z thumbsup:warn gifsicle (http://www.lcdf.org/gifsicle) is not installed. You will not be able to process animated GIFs.
2022-07-20T08:45:05.655Z thumbsup:warn dcraw (https://www.cybercom.net/~dcoffin/dcraw/) is not installed. You will not be able to process RAW photos.
2022-07-20T08:45:05.655Z thumbsup:warn zip (https://linux.die.net/man/1/zip) is not installed. You will not be able to create ZIP files.
2022-07-20T08:45:52.659Z thumbsup:warn ffmpeg (https://www.ffmpeg.org) is not installed. You will not be able to process videos.
2022-07-20T08:45:52.660Z thumbsup:warn gifsicle (http://www.lcdf.org/gifsicle) is not installed. You will not be able to process animated GIFs.
2022-07-20T08:45:52.660Z thumbsup:warn dcraw (https://www.cybercom.net/~dcoffin/dcraw/) is not installed. You will not be able to process RAW photos.
2022-07-20T08:45:52.660Z thumbsup:warn zip (https://linux.die.net/man/1/zip) is not installed. You will not be able to create ZIP files.
2022-07-20T08:47:33.436Z thumbsup:warn ffmpeg (https://www.ffmpeg.org) is not installed. You will not be able to process videos.
2022-07-20T08:47:33.437Z thumbsup:warn gifsicle (http://www.lcdf.org/gifsicle) is not installed. You will not be able to process animated GIFs.
2022-07-20T08:47:33.437Z thumbsup:warn dcraw (https://www.cybercom.net/~dcoffin/dcraw/) is not installed. You will not be able to process RAW photos.
2022-07-20T08:47:33.437Z thumbsup:warn zip (https://linux.die.net/man/1/zip) is not installed. You will not be able to create ZIP files.
2022-07-20T08:48:19.781Z thumbsup:warn ffmpeg (https://www.ffmpeg.org) is not installed. You will not be able to process videos.
2022-07-20T08:48:19.781Z thumbsup:warn gifsicle (http://www.lcdf.org/gifsicle) is not installed. You will not be able to process animated GIFs.
2022-07-20T08:48:19.781Z thumbsup:warn dcraw (https://www.cybercom.net/~dcoffin/dcraw/) is not installed. You will not be able to process RAW photos.
2022-07-20T08:48:19.782Z thumbsup:warn zip (https://linux.die.net/man/1/zip) is not installed. You will not be able to create ZIP files.
2022-07-20T08:49:02.364Z thumbsup:warn ffmpeg (https://www.ffmpeg.org) is not installed. You will not be able to process videos.
2022-07-20T08:49:02.364Z thumbsup:warn gifsicle (http://www.lcdf.org/gifsicle) is not installed. You will not be able to process animated GIFs.
2022-07-20T08:49:02.364Z thumbsup:warn dcraw (https://www.cybercom.net/~dcoffin/dcraw/) is not installed. You will not be able to process RAW photos.
2022-07-20T08:49:02.364Z thumbsup:warn zip (https://linux.die.net/man/1/zip) is not installed. You will not be able to create ZIP files.
2022-07-20T08:50:13.737Z thumbsup:warn ffmpeg (https://www.ffmpeg.org) is not installed. You will not be able to process videos.
2022-07-20T08:50:13.737Z thumbsup:warn gifsicle (http://www.lcdf.org/gifsicle) is not installed. You will not be able to process animated GIFs.
2022-07-20T08:50:13.737Z thumbsup:warn dcraw (https://www.cybercom.net/~dcoffin/dcraw/) is not installed. You will not be able to process RAW photos.
2022-07-20T08:50:13.737Z thumbsup:warn zip (https://linux.die.net/man/1/zip) is not installed. You will not be able to create ZIP files.
2022-07-20T08:51:39.884Z thumbsup:warn ffmpeg (https://www.ffmpeg.org) is not installed. You will not be able to process videos.
2022-07-20T08:51:39.885Z thumbsup:warn gifsicle (http://www.lcdf.org/gifsicle) is not installed. You will not be able to process animated GIFs.
2022-07-20T08:51:39.885Z thumbsup:warn dcraw (https://www.cybercom.net/~dcoffin/dcraw/) is not installed. You will not be able to process RAW photos.
2022-07-20T08:51:39.885Z thumbsup:warn zip (https://linux.die.net/man/1/zip) is not installed. You will not be able to create ZIP files.
2022-07-20T08:52:07.147Z thumbsup:warn ffmpeg (https://www.ffmpeg.org) is not installed. You will not be able to process videos.
2022-07-20T08:52:07.147Z thumbsup:warn gifsicle (http://www.lcdf.org/gifsicle) is not installed. You will not be able to process animated GIFs.
2022-07-20T08:52:07.147Z thumbsup:warn dcraw (https://www.cybercom.net/~dcoffin/dcraw/) is not installed. You will not be able to process RAW photos.
2022-07-20T08:52:07.147Z thumbsup:warn zip (https://linux.die.net/man/1/zip) is not installed. You will not be able to create ZIP files.
2022-07-20T08:52:52.786Z thumbsup:warn ffmpeg (https://www.ffmpeg.org) is not installed. You will not be able to process videos.
2022-07-20T08:52:52.786Z thumbsup:warn gifsicle (http://www.lcdf.org/gifsicle) is not installed. You will not be able to process animated GIFs.
2022-07-20T08:52:52.786Z thumbsup:warn dcraw (https://www.cybercom.net/~dcoffin/dcraw/) is not installed. You will not be able to process RAW photos.
2022-07-20T08:52:52.786Z thumbsup:warn zip (https://linux.die.net/man/1/zip) is not installed. You will not be able to create ZIP files.
2022-07-20T08:56:16.209Z thumbsup:warn ffmpeg (https://www.ffmpeg.org) is not installed. You will not be able to process videos.
2022-07-20T08:56:16.210Z thumbsup:warn gifsicle (http://www.lcdf.org/gifsicle) is not installed. You will not be able to process animated GIFs.
2022-07-20T08:56:16.210Z thumbsup:warn dcraw (https://www.cybercom.net/~dcoffin/dcraw/) is not installed. You will not be able to process RAW photos.
2022-07-20T08:56:16.210Z thumbsup:warn zip (https://linux.die.net/man/1/zip) is not installed. You will not be able to create ZIP files.
2022-07-20T08:59:29.145Z thumbsup:warn ffmpeg (https://www.ffmpeg.org) is not installed. You will not be able to process videos.
2022-07-20T08:59:29.146Z thumbsup:warn gifsicle (http://www.lcdf.org/gifsicle) is not installed. You will not be able to process animated GIFs.
2022-07-20T08:59:29.146Z thumbsup:warn dcraw (https://www.cybercom.net/~dcoffin/dcraw/) is not installed. You will not be able to process RAW photos.
2022-07-20T08:59:29.152Z thumbsup:warn zip (https://linux.die.net/man/1/zip) is not installed. You will not be able to create ZIP files.
2022-07-20T09:00:13.320Z thumbsup:warn ffmpeg (https://www.ffmpeg.org) is not installed. You will not be able to process videos.
2022-07-20T09:00:13.323Z thumbsup:warn gifsicle (http://www.lcdf.org/gifsicle) is not installed. You will not be able to process animated GIFs.
2022-07-20T09:00:13.324Z thumbsup:warn dcraw (https://www.cybercom.net/~dcoffin/dcraw/) is not installed. You will not be able to process RAW photos.
2022-07-20T09:00:13.324Z thumbsup:warn zip (https://linux.die.net/man/1/zip) is not installed. You will not be able to create ZIP files.
2022-07-20T09:02:02.584Z thumbsup:warn ffmpeg (https://www.ffmpeg.org) is not installed. You will not be able to process videos.
2022-07-20T09:02:02.585Z thumbsup:warn gifsicle (http://www.lcdf.org/gifsicle) is not installed. You will not be able to process animated GIFs.
2022-07-20T09:02:02.585Z thumbsup:warn dcraw (https://www.cybercom.net/~dcoffin/dcraw/) is not installed. You will not be able to process RAW photos.
2022-07-20T09:02:02.585Z thumbsup:warn zip (https://linux.die.net/man/1/zip) is not installed. You will not be able to create ZIP files.
2022-07-20T09:03:28.827Z thumbsup:warn ffmpeg (https://www.ffmpeg.org) is not installed. You will not be able to process videos.
2022-07-20T09:03:28.827Z thumbsup:warn gifsicle (http://www.lcdf.org/gifsicle) is not installed. You will not be able to process animated GIFs.
2022-07-20T09:03:28.828Z thumbsup:warn dcraw (https://www.cybercom.net/~dcoffin/dcraw/) is not installed. You will not be able to process RAW photos.
2022-07-20T09:03:28.828Z thumbsup:warn zip (https://linux.die.net/man/1/zip) is not installed. You will not be able to create ZIP files.
2022-07-20T09:04:57.546Z thumbsup:warn ffmpeg (https://www.ffmpeg.org) is not installed. You will not be able to process videos.
2022-07-20T09:04:57.546Z thumbsup:warn gifsicle (http://www.lcdf.org/gifsicle) is not installed. You will not be able to process animated GIFs.
2022-07-20T09:04:57.546Z thumbsup:warn dcraw (https://www.cybercom.net/~dcoffin/dcraw/) is not installed. You will not be able to process RAW photos.
2022-07-20T09:04:57.546Z thumbsup:warn zip (https://linux.die.net/man/1/zip) is not installed. You will not be able to create ZIP files.
2022-07-20T09:05:23.751Z thumbsup:warn ffmpeg (https://www.ffmpeg.org) is not installed. You will not be able to process videos.
2022-07-20T09:05:23.751Z thumbsup:warn gifsicle (http://www.lcdf.org/gifsicle) is not installed. You will not be able to process animated GIFs.
2022-07-20T09:05:23.751Z thumbsup:warn dcraw (https://www.cybercom.net/~dcoffin/dcraw/) is not installed. You will not be able to process RAW photos.
2022-07-20T09:05:23.751Z thumbsup:warn zip (https://linux.die.net/man/1/zip) is not installed. You will not be able to create ZIP files.
2022-07-20T09:05:52.133Z thumbsup:warn ffmpeg (https://www.ffmpeg.org) is not installed. You will not be able to process videos.
2022-07-20T09:05:52.133Z thumbsup:warn gifsicle (http://www.lcdf.org/gifsicle) is not installed. You will not be able to process animated GIFs.
2022-07-20T09:05:52.134Z thumbsup:warn dcraw (https://www.cybercom.net/~dcoffin/dcraw/) is not installed. You will not be able to process RAW photos.
2022-07-20T09:05:52.134Z thumbsup:warn zip (https://linux.die.net/man/1/zip) is not installed. You will not be able to create ZIP files.
2022-07-20T09:06:35.804Z thumbsup:warn ffmpeg (https://www.ffmpeg.org) is not installed. You will not be able to process videos.
2022-07-20T09:06:35.804Z thumbsup:warn gifsicle (http://www.lcdf.org/gifsicle) is not installed. You will not be able to process animated GIFs.
2022-07-20T09:06:35.804Z thumbsup:warn dcraw (https://www.cybercom.net/~dcoffin/dcraw/) is not installed. You will not be able to process RAW photos.
2022-07-20T09:06:35.804Z thumbsup:warn zip (https://linux.die.net/man/1/zip) is not installed. You will not be able to create ZIP files.
2022-07-20T09:07:06.077Z thumbsup:warn ffmpeg (https://www.ffmpeg.org) is not installed. You will not be able to process videos.
2022-07-20T09:07:06.077Z thumbsup:warn gifsicle (http://www.lcdf.org/gifsicle) is not installed. You will not be able to process animated GIFs.
2022-07-20T09:07:06.078Z thumbsup:warn dcraw (https://www.cybercom.net/~dcoffin/dcraw/) is not installed. You will not be able to process RAW photos.
2022-07-20T09:07:06.078Z thumbsup:warn zip (https://linux.die.net/man/1/zip) is not installed. You will not be able to create ZIP files.
2022-07-20T09:07:27.206Z thumbsup:warn ffmpeg (https://www.ffmpeg.org) is not installed. You will not be able to process videos.
2022-07-20T09:07:27.207Z thumbsup:warn gifsicle (http://www.lcdf.org/gifsicle) is not installed. You will not be able to process animated GIFs.
2022-07-20T09:07:27.207Z thumbsup:warn dcraw (https://www.cybercom.net/~dcoffin/dcraw/) is not installed. You will not be able to process RAW photos.
2022-07-20T09:07:27.207Z thumbsup:warn zip (https://linux.die.net/man/1/zip) is not installed. You will not be able to create ZIP files.
2022-07-20T09:08:15.503Z thumbsup:warn ffmpeg (https://www.ffmpeg.org) is not installed. You will not be able to process videos.
2022-07-20T09:08:15.503Z thumbsup:warn gifsicle (http://www.lcdf.org/gifsicle) is not installed. You will not be able to process animated GIFs.
2022-07-20T09:08:15.503Z thumbsup:warn dcraw (https://www.cybercom.net/~dcoffin/dcraw/) is not installed. You will not be able to process RAW photos.
2022-07-20T09:08:15.503Z thumbsup:warn zip (https://linux.die.net/man/1/zip) is not installed. You will not be able to create ZIP files.
2022-07-20T09:08:41.889Z thumbsup:warn ffmpeg (https://www.ffmpeg.org) is not installed. You will not be able to process videos.
2022-07-20T09:08:41.889Z thumbsup:warn gifsicle (http://www.lcdf.org/gifsicle) is not installed. You will not be able to process animated GIFs.
2022-07-20T09:08:41.889Z thumbsup:warn dcraw (https://www.cybercom.net/~dcoffin/dcraw/) is not installed. You will not be able to process RAW photos.
2022-07-20T09:08:41.889Z thumbsup:warn zip (https://linux.die.net/man/1/zip) is not installed. You will not be able to create ZIP files.
2022-07-20T09:08:54.859Z thumbsup:warn ffmpeg (https://www.ffmpeg.org) is not installed. You will not be able to process videos.
2022-07-20T09:08:54.859Z thumbsup:warn gifsicle (http://www.lcdf.org/gifsicle) is not installed. You will not be able to process animated GIFs.
2022-07-20T09:08:54.859Z thumbsup:warn dcraw (https://www.cybercom.net/~dcoffin/dcraw/) is not installed. You will not be able to process RAW photos.
2022-07-20T09:08:54.859Z thumbsup:warn zip (https://linux.die.net/man/1/zip) is not installed. You will not be able to create ZIP files.
2022-07-20T09:09:03.968Z thumbsup:warn ffmpeg (https://www.ffmpeg.org) is not installed. You will not be able to process videos.
2022-07-20T09:09:03.969Z thumbsup:warn gifsicle (http://www.lcdf.org/gifsicle) is not installed. You will not be able to process animated GIFs.
2022-07-20T09:09:03.969Z thumbsup:warn dcraw (https://www.cybercom.net/~dcoffin/dcraw/) is not installed. You will not be able to process RAW photos.
2022-07-20T09:09:03.969Z thumbsup:warn zip (https://linux.die.net/man/1/zip) is not installed. You will not be able to create ZIP files.
2022-07-20T09:10:44.045Z thumbsup:warn ffmpeg (https://www.ffmpeg.org) is not installed. You will not be able to process videos.
2022-07-20T09:10:44.046Z thumbsup:warn gifsicle (http://www.lcdf.org/gifsicle) is not installed. You will not be able to process animated GIFs.
2022-07-20T09:10:44.046Z thumbsup:warn dcraw (https://www.cybercom.net/~dcoffin/dcraw/) is not installed. You will not be able to process RAW photos.
2022-07-20T09:10:44.046Z thumbsup:warn zip (https://linux.die.net/man/1/zip) is not installed. You will not be able to create ZIP files.
2022-07-20T09:11:14.702Z thumbsup:warn ffmpeg (https://www.ffmpeg.org) is not installed. You will not be able to process videos.
2022-07-20T09:11:14.703Z thumbsup:warn gifsicle (http://www.lcdf.org/gifsicle) is not installed. You will not be able to process animated GIFs.
2022-07-20T09:11:14.703Z thumbsup:warn dcraw (https://www.cybercom.net/~dcoffin/dcraw/) is not installed. You will not be able to process RAW photos.
2022-07-20T09:11:14.703Z thumbsup:warn zip (https://linux.die.net/man/1/zip) is not installed. You will not be able to create ZIP files.
2022-07-20T09:11:31.455Z thumbsup:warn ffmpeg (https://www.ffmpeg.org) is not installed. You will not be able to process videos.
2022-07-20T09:11:31.456Z thumbsup:warn gifsicle (http://www.lcdf.org/gifsicle) is not installed. You will not be able to process animated GIFs.
2022-07-20T09:11:31.456Z thumbsup:warn dcraw (https://www.cybercom.net/~dcoffin/dcraw/) is not installed. You will not be able to process RAW photos.
2022-07-20T09:11:31.456Z thumbsup:warn zip (https://linux.die.net/man/1/zip) is not installed. You will not be able to create ZIP files.
2022-07-20T09:12:00.017Z thumbsup:warn ffmpeg (https://www.ffmpeg.org) is not installed. You will not be able to process videos.
2022-07-20T09:12:00.018Z thumbsup:warn gifsicle (http://www.lcdf.org/gifsicle) is not installed. You will not be able to process animated GIFs.
2022-07-20T09:12:00.018Z thumbsup:warn dcraw (https://www.cybercom.net/~dcoffin/dcraw/) is not installed. You will not be able to process RAW photos.
2022-07-20T09:12:00.018Z thumbsup:warn zip (https://linux.die.net/man/1/zip) is not installed. You will not be able to create ZIP files.
2022-07-20T09:12:15.185Z thumbsup:warn ffmpeg (https://www.ffmpeg.org) is not installed. You will not be able to process videos.
2022-07-20T09:12:15.185Z thumbsup:warn gifsicle (http://www.lcdf.org/gifsicle) is not installed. You will not be able to process animated GIFs.
2022-07-20T09:12:15.186Z thumbsup:warn dcraw (https://www.cybercom.net/~dcoffin/dcraw/) is not installed. You will not be able to process RAW photos.
2022-07-20T09:12:15.186Z thumbsup:warn zip (https://linux.die.net/man/1/zip) is not installed. You will not be able to create ZIP files.
2022-07-20T09:12:34.154Z thumbsup:warn ffmpeg (https://www.ffmpeg.org) is not installed. You will not be able to process videos.
2022-07-20T09:12:34.155Z thumbsup:warn gifsicle (http://www.lcdf.org/gifsicle) is not installed. You will not be able to process animated GIFs.
2022-07-20T09:12:34.155Z thumbsup:warn dcraw (https://www.cybercom.net/~dcoffin/dcraw/) is not installed. You will not be able to process RAW photos.
2022-07-20T09:12:34.155Z thumbsup:warn zip (https://linux.die.net/man/1/zip) is not installed. You will not be able to create ZIP files.
2022-07-20T09:12:54.605Z thumbsup:warn ffmpeg (https://www.ffmpeg.org) is not installed. You will not be able to process videos.
2022-07-20T09:12:54.605Z thumbsup:warn gifsicle (http://www.lcdf.org/gifsicle) is not installed. You will not be able to process animated GIFs.
2022-07-20T09:12:54.605Z thumbsup:warn dcraw (https://www.cybercom.net/~dcoffin/dcraw/) is not installed. You will not be able to process RAW photos.
2022-07-20T09:12:54.605Z thumbsup:warn zip (https://linux.die.net/man/1/zip) is not installed. You will not be able to create ZIP files.
2022-07-20T09:13:07.013Z thumbsup:warn ffmpeg (https://www.ffmpeg.org) is not installed. You will not be able to process videos.
2022-07-20T09:13:07.013Z thumbsup:warn gifsicle (http://www.lcdf.org/gifsicle) is not installed. You will not be able to process animated GIFs.
2022-07-20T09:13:07.014Z thumbsup:warn dcraw (https://www.cybercom.net/~dcoffin/dcraw/) is not installed. You will not be able to process RAW photos.
2022-07-20T09:13:07.014Z thumbsup:warn zip (https://linux.die.net/man/1/zip) is not installed. You will not be able to create ZIP files.
2022-07-20T09:13:25.296Z thumbsup:warn ffmpeg (https://www.ffmpeg.org) is not installed. You will not be able to process videos.
2022-07-20T09:13:25.296Z thumbsup:warn gifsicle (http://www.lcdf.org/gifsicle) is not installed. You will not be able to process animated GIFs.
2022-07-20T09:13:25.296Z thumbsup:warn dcraw (https://www.cybercom.net/~dcoffin/dcraw/) is not installed. You will not be able to process RAW photos.
2022-07-20T09:13:25.296Z thumbsup:warn zip (https://linux.die.net/man/1/zip) is not installed. You will not be able to create ZIP files.
2022-07-20T09:13:55.668Z thumbsup:warn ffmpeg (https://www.ffmpeg.org) is not installed. You will not be able to process videos.
2022-07-20T09:13:55.669Z thumbsup:warn gifsicle (http://www.lcdf.org/gifsicle) is not installed. You will not be able to process animated GIFs.
2022-07-20T09:13:55.669Z thumbsup:warn dcraw (https://www.cybercom.net/~dcoffin/dcraw/) is not installed. You will not be able to process RAW photos.
2022-07-20T09:13:55.669Z thumbsup:warn zip (https://linux.die.net/man/1/zip) is not installed. You will not be able to create ZIP files.
2022-07-20T09:14:06.303Z thumbsup:warn ffmpeg (https://www.ffmpeg.org) is not installed. You will not be able to process videos.
2022-07-20T09:14:06.304Z thumbsup:warn gifsicle (http://www.lcdf.org/gifsicle) is not installed. You will not be able to process animated GIFs.
2022-07-20T09:14:06.304Z thumbsup:warn dcraw (https://www.cybercom.net/~dcoffin/dcraw/) is not installed. You will not be able to process RAW photos.
2022-07-20T09:14:06.304Z thumbsup:warn zip (https://linux.die.net/man/1/zip) is not installed. You will not be able to create ZIP files.
2022-07-20T09:14:19.638Z thumbsup:warn ffmpeg (https://www.ffmpeg.org) is not installed. You will not be able to process videos.
2022-07-20T09:14:19.639Z thumbsup:warn gifsicle (http://www.lcdf.org/gifsicle) is not installed. You will not be able to process animated GIFs.
2022-07-20T09:14:19.639Z thumbsup:warn dcraw (https://www.cybercom.net/~dcoffin/dcraw/) is not installed. You will not be able to process RAW photos.
2022-07-20T09:14:19.639Z thumbsup:warn zip (https://linux.die.net/man/1/zip) is not installed. You will not be able to create ZIP files.
2022-07-20T09:14:33.956Z thumbsup:warn ffmpeg (https://www.ffmpeg.org) is not installed. You will not be able to process videos.
2022-07-20T09:14:33.956Z thumbsup:warn gifsicle (http://www.lcdf.org/gifsicle) is not installed. You will not be able to process animated GIFs.
2022-07-20T09:14:33.956Z thumbsup:warn dcraw (https://www.cybercom.net/~dcoffin/dcraw/) is not installed. You will not be able to process RAW photos.
2022-07-20T09:14:33.956Z thumbsup:warn zip (https://linux.die.net/man/1/zip) is not installed. You will not be able to create ZIP files.
2022-07-20T09:14:44.502Z thumbsup:warn ffmpeg (https://www.ffmpeg.org) is not installed. You will not be able to process videos.
2022-07-20T09:14:44.502Z thumbsup:warn gifsicle (http://www.lcdf.org/gifsicle) is not installed. You will not be able to process animated GIFs.
2022-07-20T09:14:44.502Z thumbsup:warn dcraw (https://www.cybercom.net/~dcoffin/dcraw/) is not installed. You will not be able to process RAW photos.
2022-07-20T09:14:44.502Z thumbsup:warn zip (https://linux.die.net/man/1/zip) is not installed. You will not be able to create ZIP files.
2022-07-20T09:15:11.217Z thumbsup:warn ffmpeg (https://www.ffmpeg.org) is not installed. You will not be able to process videos.
2022-07-20T09:15:11.217Z thumbsup:warn gifsicle (http://www.lcdf.org/gifsicle) is not installed. You will not be able to process animated GIFs.
2022-07-20T09:15:11.217Z thumbsup:warn dcraw (https://www.cybercom.net/~dcoffin/dcraw/) is not installed. You will not be able to process RAW photos.
2022-07-20T09:15:11.217Z thumbsup:warn zip (https://linux.die.net/man/1/zip) is not installed. You will not be able to create ZIP files.
2022-07-20T09:15:36.954Z thumbsup:warn ffmpeg (https://www.ffmpeg.org) is not installed. You will not be able to process videos.
2022-07-20T09:15:36.955Z thumbsup:warn gifsicle (http://www.lcdf.org/gifsicle) is not installed. You will not be able to process animated GIFs.
2022-07-20T09:15:36.955Z thumbsup:warn dcraw (https://www.cybercom.net/~dcoffin/dcraw/) is not installed. You will not be able to process RAW photos.
2022-07-20T09:15:36.955Z thumbsup:warn zip (https://linux.die.net/man/1/zip) is not installed. You will not be able to create ZIP files.
2022-07-20T09:16:00.615Z thumbsup:warn ffmpeg (https://www.ffmpeg.org) is not installed. You will not be able to process videos.
2022-07-20T09:16:00.616Z thumbsup:warn gifsicle (http://www.lcdf.org/gifsicle) is not installed. You will not be able to process animated GIFs.
2022-07-20T09:16:00.616Z thumbsup:warn dcraw (https://www.cybercom.net/~dcoffin/dcraw/) is not installed. You will not be able to process RAW photos.
2022-07-20T09:16:00.616Z thumbsup:warn zip (https://linux.die.net/man/1/zip) is not installed. You will not be able to create ZIP files.
2022-07-20T09:16:21.208Z thumbsup:warn ffmpeg (https://www.ffmpeg.org) is not installed. You will not be able to process videos.
2022-07-20T09:16:21.208Z thumbsup:warn gifsicle (http://www.lcdf.org/gifsicle) is not installed. You will not be able to process animated GIFs.
2022-07-20T09:16:21.209Z thumbsup:warn dcraw (https://www.cybercom.net/~dcoffin/dcraw/) is not installed. You will not be able to process RAW photos.
2022-07-20T09:16:21.209Z thumbsup:warn zip (https://linux.die.net/man/1/zip) is not installed. You will not be able to create ZIP files.
2022-07-20T09:17:48.287Z thumbsup:warn ffmpeg (https://www.ffmpeg.org) is not installed. You will not be able to process videos.
2022-07-20T09:17:48.288Z thumbsup:warn gifsicle (http://www.lcdf.org/gifsicle) is not installed. You will not be able to process animated GIFs.
2022-07-20T09:17:48.288Z thumbsup:warn dcraw (https://www.cybercom.net/~dcoffin/dcraw/) is not installed. You will not be able to process RAW photos.
2022-07-20T09:17:48.288Z thumbsup:warn zip (https://linux.die.net/man/1/zip) is not installed. You will not be able to create ZIP files.
2022-07-20T09:47:14.272Z thumbsup:warn ffmpeg (https://www.ffmpeg.org) is not installed. You will not be able to process videos.
2022-07-20T09:47:14.273Z thumbsup:warn gifsicle (http://www.lcdf.org/gifsicle) is not installed. You will not be able to process animated GIFs.
2022-07-20T09:47:14.273Z thumbsup:warn dcraw (https://www.cybercom.net/~dcoffin/dcraw/) is not installed. You will not be able to process RAW photos.
2022-07-20T09:47:14.273Z thumbsup:warn zip (https://linux.die.net/man/1/zip) is not installed. You will not be able to create ZIP files.
